<?xml version="1.0" encoding="UTF-8"?>
<TestRun id="bc2661f6-2391-4fc3-af3b-2c2e659c6eaa" name="Kin Nguyen@LAPTOP-IRDHT22H 2019-11-18 13:37:19" runUser="LAPTOP-IRDHT22H\Kin Nguyen" xmlns="http://microsoft.com/schemas/VisualStudio/TeamTest/2010">
  <TestSettings name="Local" id="8bc9db81-6ffa-423b-b713-8990651773ed">
    <Description>These are default test settings for a local test run.</Description>
    <Deployment enabled="false" runDeploymentRoot="Kin Nguyen_LAPTOP-IRDHT22H 2019-11-18 13_37_19">
      <DeploymentItem filename="C:\Users\Kin Nguyen\Desktop\1751010083-1751010131-1751010110\CoffeeShop\CoffeeShop\bin\Debug\CoffeeShop.exe" />
    </Deployment>
    <Execution>
      <TestTypeSpecific />
      <AgentRule name="Execution Agents">
      </AgentRule>
    </Execution>
  </TestSettings>
  <Times creation="2019-11-18T13:37:19.9569093+07:00" queuing="2019-11-18T13:37:20.6911106+07:00" start="2019-11-18T13:37:20.7535968+07:00" finish="2019-11-18T13:37:22.9877867+07:00" />
  <ResultSummary outcome="Completed">
    <Counters total="19" executed="19" passed="19" error="0" failed="0" timeout="0" aborted="0" inconclusive="0" passedButRunAborted="0" notRunnable="0" notExecuted="0" disconnected="0" warning="0" completed="0" inProgress="0" pending="0" />
  </ResultSummary>
  <TestDefinitions>
    <UnitTest name="testCase_Login_6" storage="c:\users\kin nguyen\desktop\1751010083-1751010131-1751010110\coffeeshop\unittestcoffeeshop\bin\debug\unittestcoffeeshop.dll" id="b17e7b48-5750-91a5-b696-19de03b20151">
      <Execution id="f89627f5-1d3b-4b3c-aa10-7f16ffae3abb" />
      <TestMethod codeBase="C:/Users/Kin Nguyen/Desktop/1751010083-1751010131-1751010110/CoffeeShop/UnitTestCoffeeShop/bin/Debug/UnitTestCoffeeShop.DLL" adapterTypeName="Microsoft.VisualStudio.TestTools.TestTypes.Unit.UnitTestAdapter, Microsoft.VisualStudio.QualityTools.Tips.UnitTest.Adapter, Version=10.0.0.0, Culture=neutral, PublicKeyToken=b03f5f7f11d50a3a" className="UnitTestCoffeeShop._1_Test_Login, UnitTestCoffeeShop, Version=1.0.0.0, Culture=neutral, PublicKeyToken=null" name="testCase_Login_6" />
    </UnitTest>
    <UnitTest name="testCase_Them_KhongDuoc" storage="c:\users\kin nguyen\desktop\1751010083-1751010131-1751010110\coffeeshop\unittestcoffeeshop\bin\debug\unittestcoffeeshop.dll" id="fa5b35ab-29ab-0170-9025-94048b21eda5">
      <Execution id="39587c2a-e57d-43da-b8f8-5544c03429a5" />
      <TestMethod codeBase="C:/Users/Kin Nguyen/Desktop/1751010083-1751010131-1751010110/CoffeeShop/UnitTestCoffeeShop/bin/Debug/UnitTestCoffeeShop.DLL" adapterTypeName="Microsoft.VisualStudio.TestTools.TestTypes.Unit.UnitTestAdapter, Microsoft.VisualStudio.QualityTools.Tips.UnitTest.Adapter, Version=10.0.0.0, Culture=neutral, PublicKeyToken=b03f5f7f11d50a3a" className="UnitTestCoffeeShop._2_Test_Home, UnitTestCoffeeShop, Version=1.0.0.0, Culture=neutral, PublicKeyToken=null" name="testCase_Them_KhongDuoc" />
    </UnitTest>
    <UnitTest name="testCase_ThanhToan_KhongDuoc" storage="c:\users\kin nguyen\desktop\1751010083-1751010131-1751010110\coffeeshop\unittestcoffeeshop\bin\debug\unittestcoffeeshop.dll" id="5d9b02b7-7ed9-5fb6-5cd1-e603f10f901d">
      <Execution id="b723b84f-af87-45da-9eea-b3d340282124" />
      <TestMethod codeBase="C:/Users/Kin Nguyen/Desktop/1751010083-1751010131-1751010110/CoffeeShop/UnitTestCoffeeShop/bin/Debug/UnitTestCoffeeShop.DLL" adapterTypeName="Microsoft.VisualStudio.TestTools.TestTypes.Unit.UnitTestAdapter, Microsoft.VisualStudio.QualityTools.Tips.UnitTest.Adapter, Version=10.0.0.0, Culture=neutral, PublicKeyToken=b03f5f7f11d50a3a" className="UnitTestCoffeeShop._2_Test_Home, UnitTestCoffeeShop, Version=1.0.0.0, Culture=neutral, PublicKeyToken=null" name="testCase_ThanhToan_KhongDuoc" />
    </UnitTest>
    <UnitTest name="testCase_ThanhToan_Duoc" storage="c:\users\kin nguyen\desktop\1751010083-1751010131-1751010110\coffeeshop\unittestcoffeeshop\bin\debug\unittestcoffeeshop.dll" id="fa6bf5d9-eb12-eff6-bb7a-be8db17abbcc">
      <Execution id="48c32d3e-3478-4f4e-a91c-9d7fea3e8239" />
      <TestMethod codeBase="C:/Users/Kin Nguyen/Desktop/1751010083-1751010131-1751010110/CoffeeShop/UnitTestCoffeeShop/bin/Debug/UnitTestCoffeeShop.DLL" adapterTypeName="Microsoft.VisualStudio.TestTools.TestTypes.Unit.UnitTestAdapter, Microsoft.VisualStudio.QualityTools.Tips.UnitTest.Adapter, Version=10.0.0.0, Culture=neutral, PublicKeyToken=b03f5f7f11d50a3a" className="UnitTestCoffeeShop._2_Test_Home, UnitTestCoffeeShop, Version=1.0.0.0, Culture=neutral, PublicKeyToken=null" name="testCase_ThanhToan_Duoc" />
    </UnitTest>
    <UnitTest name="testCase_Login_7" storage="c:\users\kin nguyen\desktop\1751010083-1751010131-1751010110\coffeeshop\unittestcoffeeshop\bin\debug\unittestcoffeeshop.dll" id="92892753-a6fb-6076-35d8-b259b2867875">
      <Execution id="3d3fd1ad-d914-4416-aa7c-ed6ec6c48828" />
      <TestMethod codeBase="C:/Users/Kin Nguyen/Desktop/1751010083-1751010131-1751010110/CoffeeShop/UnitTestCoffeeShop/bin/Debug/UnitTestCoffeeShop.DLL" adapterTypeName="Microsoft.VisualStudio.TestTools.TestTypes.Unit.UnitTestAdapter, Microsoft.VisualStudio.QualityTools.Tips.UnitTest.Adapter, Version=10.0.0.0, Culture=neutral, PublicKeyToken=b03f5f7f11d50a3a" className="UnitTestCoffeeShop._1_Test_Login, UnitTestCoffeeShop, Version=1.0.0.0, Culture=neutral, PublicKeyToken=null" name="testCase_Login_7" />
    </UnitTest>
    <UnitTest name="testCase_Login_9" storage="c:\users\kin nguyen\desktop\1751010083-1751010131-1751010110\coffeeshop\unittestcoffeeshop\bin\debug\unittestcoffeeshop.dll" id="f3c7c967-2efd-b356-b618-c97ab977c2bb">
      <Execution id="59e69ab4-e0ad-4050-8fdb-57338ccb9553" />
      <TestMethod codeBase="C:/Users/Kin Nguyen/Desktop/1751010083-1751010131-1751010110/CoffeeShop/UnitTestCoffeeShop/bin/Debug/UnitTestCoffeeShop.DLL" adapterTypeName="Microsoft.VisualStudio.TestTools.TestTypes.Unit.UnitTestAdapter, Microsoft.VisualStudio.QualityTools.Tips.UnitTest.Adapter, Version=10.0.0.0, Culture=neutral, PublicKeyToken=b03f5f7f11d50a3a" className="UnitTestCoffeeShop._1_Test_Login, UnitTestCoffeeShop, Version=1.0.0.0, Culture=neutral, PublicKeyToken=null" name="testCase_Login_9" />
    </UnitTest>
    <UnitTest name="testCase_Login_1" storage="c:\users\kin nguyen\desktop\1751010083-1751010131-1751010110\coffeeshop\unittestcoffeeshop\bin\debug\unittestcoffeeshop.dll" id="2c3f325c-600e-d3dd-f1f9-95baac17e375">
      <Execution id="31f136e5-89db-4f93-bb1d-78134d85aed6" />
      <TestMethod codeBase="C:/Users/Kin Nguyen/Desktop/1751010083-1751010131-1751010110/CoffeeShop/UnitTestCoffeeShop/bin/Debug/UnitTestCoffeeShop.DLL" adapterTypeName="Microsoft.VisualStudio.TestTools.TestTypes.Unit.UnitTestAdapter, Microsoft.VisualStudio.QualityTools.Tips.UnitTest.Adapter, Version=10.0.0.0, Culture=neutral, PublicKeyToken=b03f5f7f11d50a3a" className="UnitTestCoffeeShop._1_Test_Login, UnitTestCoffeeShop, Version=1.0.0.0, Culture=neutral, PublicKeyToken=null" name="testCase_Login_1" />
    </UnitTest>
    <UnitTest name="testCase_Xoa_Duoc" storage="c:\users\kin nguyen\desktop\1751010083-1751010131-1751010110\coffeeshop\unittestcoffeeshop\bin\debug\unittestcoffeeshop.dll" id="2ea8d17d-6955-f5ff-786f-db789e193218">
      <Execution id="2bd71249-4a4e-4513-909f-ccf4d1327018" />
      <TestMethod codeBase="C:/Users/Kin Nguyen/Desktop/1751010083-1751010131-1751010110/CoffeeShop/UnitTestCoffeeShop/bin/Debug/UnitTestCoffeeShop.DLL" adapterTypeName="Microsoft.VisualStudio.TestTools.TestTypes.Unit.UnitTestAdapter, Microsoft.VisualStudio.QualityTools.Tips.UnitTest.Adapter, Version=10.0.0.0, Culture=neutral, PublicKeyToken=b03f5f7f11d50a3a" className="UnitTestCoffeeShop._2_Test_Home, UnitTestCoffeeShop, Version=1.0.0.0, Culture=neutral, PublicKeyToken=null" name="testCase_Xoa_Duoc" />
    </UnitTest>
    <UnitTest name="testCase_Them_Duoc" storage="c:\users\kin nguyen\desktop\1751010083-1751010131-1751010110\coffeeshop\unittestcoffeeshop\bin\debug\unittestcoffeeshop.dll" id="9516e242-c1e2-58dc-ab4e-daf4a754b19f">
      <Execution id="2bb45177-a353-4fcb-bcc6-a7e558e72923" />
      <TestMethod codeBase="C:/Users/Kin Nguyen/Desktop/1751010083-1751010131-1751010110/CoffeeShop/UnitTestCoffeeShop/bin/Debug/UnitTestCoffeeShop.DLL" adapterTypeName="Microsoft.VisualStudio.TestTools.TestTypes.Unit.UnitTestAdapter, Microsoft.VisualStudio.QualityTools.Tips.UnitTest.Adapter, Version=10.0.0.0, Culture=neutral, PublicKeyToken=b03f5f7f11d50a3a" className="UnitTestCoffeeShop._2_Test_Home, UnitTestCoffeeShop, Version=1.0.0.0, Culture=neutral, PublicKeyToken=null" name="testCase_Them_Duoc" />
    </UnitTest>
    <UnitTest name="testCase_Login_5" storage="c:\users\kin nguyen\desktop\1751010083-1751010131-1751010110\coffeeshop\unittestcoffeeshop\bin\debug\unittestcoffeeshop.dll" id="a3341333-08da-e980-0963-333d51cd2e33">
      <Execution id="c09f7be7-d42e-499d-9064-46169c227af4" />
      <TestMethod codeBase="C:/Users/Kin Nguyen/Desktop/1751010083-1751010131-1751010110/CoffeeShop/UnitTestCoffeeShop/bin/Debug/UnitTestCoffeeShop.DLL" adapterTypeName="Microsoft.VisualStudio.TestTools.TestTypes.Unit.UnitTestAdapter, Microsoft.VisualStudio.QualityTools.Tips.UnitTest.Adapter, Version=10.0.0.0, Culture=neutral, PublicKeyToken=b03f5f7f11d50a3a" className="UnitTestCoffeeShop._1_Test_Login, UnitTestCoffeeShop, Version=1.0.0.0, Culture=neutral, PublicKeyToken=null" name="testCase_Login_5" />
    </UnitTest>
    <UnitTest name="testCase_Login_8" storage="c:\users\kin nguyen\desktop\1751010083-1751010131-1751010110\coffeeshop\unittestcoffeeshop\bin\debug\unittestcoffeeshop.dll" id="2ff65dbb-02e7-734d-df90-cf72a71f36cb">
      <Execution id="0b00b6c0-1af7-46a4-b1e2-b2c5468b2b91" />
      <TestMethod codeBase="C:/Users/Kin Nguyen/Desktop/1751010083-1751010131-1751010110/CoffeeShop/UnitTestCoffeeShop/bin/Debug/UnitTestCoffeeShop.DLL" adapterTypeName="Microsoft.VisualStudio.TestTools.TestTypes.Unit.UnitTestAdapter, Microsoft.VisualStudio.QualityTools.Tips.UnitTest.Adapter, Version=10.0.0.0, Culture=neutral, PublicKeyToken=b03f5f7f11d50a3a" className="UnitTestCoffeeShop._1_Test_Login, UnitTestCoffeeShop, Version=1.0.0.0, Culture=neutral, PublicKeyToken=null" name="testCase_Login_8" />
    </UnitTest>
    <UnitTest name="testCase_KHTT_HopLe" storage="c:\users\kin nguyen\desktop\1751010083-1751010131-1751010110\coffeeshop\unittestcoffeeshop\bin\debug\unittestcoffeeshop.dll" id="4ec96446-5667-6f79-173a-1015c4139778">
      <Execution id="fbdb5052-227b-44e4-858e-9ff8a53f75dd" />
      <TestMethod codeBase="C:/Users/Kin Nguyen/Desktop/1751010083-1751010131-1751010110/CoffeeShop/UnitTestCoffeeShop/bin/Debug/UnitTestCoffeeShop.DLL" adapterTypeName="Microsoft.VisualStudio.TestTools.TestTypes.Unit.UnitTestAdapter, Microsoft.VisualStudio.QualityTools.Tips.UnitTest.Adapter, Version=10.0.0.0, Culture=neutral, PublicKeyToken=b03f5f7f11d50a3a" className="UnitTestCoffeeShop._3_Test_KHTT, UnitTestCoffeeShop, Version=1.0.0.0, Culture=neutral, PublicKeyToken=null" name="testCase_KHTT_HopLe" />
    </UnitTest>
    <UnitTest name="testCase_KHTT_dau" storage="c:\users\kin nguyen\desktop\1751010083-1751010131-1751010110\coffeeshop\unittestcoffeeshop\bin\debug\unittestcoffeeshop.dll" id="aef214a3-bc6f-4ea6-e1ce-b85b85bb32e2">
      <Execution id="91ca87b9-6db4-4b54-9057-04a150bfab4a" />
      <TestMethod codeBase="C:/Users/Kin Nguyen/Desktop/1751010083-1751010131-1751010110/CoffeeShop/UnitTestCoffeeShop/bin/Debug/UnitTestCoffeeShop.DLL" adapterTypeName="Microsoft.VisualStudio.TestTools.TestTypes.Unit.UnitTestAdapter, Microsoft.VisualStudio.QualityTools.Tips.UnitTest.Adapter, Version=10.0.0.0, Culture=neutral, PublicKeyToken=b03f5f7f11d50a3a" className="UnitTestCoffeeShop._3_Test_KHTT, UnitTestCoffeeShop, Version=1.0.0.0, Culture=neutral, PublicKeyToken=null" name="testCase_KHTT_dau" />
    </UnitTest>
    <UnitTest name="testCase_Login_3" storage="c:\users\kin nguyen\desktop\1751010083-1751010131-1751010110\coffeeshop\unittestcoffeeshop\bin\debug\unittestcoffeeshop.dll" id="3486f7cc-6226-f7d6-74fe-a9deae1d18f8">
      <Execution id="53cdc97e-626a-447b-98fd-db6b56584cd1" />
      <TestMethod codeBase="C:/Users/Kin Nguyen/Desktop/1751010083-1751010131-1751010110/CoffeeShop/UnitTestCoffeeShop/bin/Debug/UnitTestCoffeeShop.DLL" adapterTypeName="Microsoft.VisualStudio.TestTools.TestTypes.Unit.UnitTestAdapter, Microsoft.VisualStudio.QualityTools.Tips.UnitTest.Adapter, Version=10.0.0.0, Culture=neutral, PublicKeyToken=b03f5f7f11d50a3a" className="UnitTestCoffeeShop._1_Test_Login, UnitTestCoffeeShop, Version=1.0.0.0, Culture=neutral, PublicKeyToken=null" name="testCase_Login_3" />
    </UnitTest>
    <UnitTest name="testCase_KHTT_ABCD" storage="c:\users\kin nguyen\desktop\1751010083-1751010131-1751010110\coffeeshop\unittestcoffeeshop\bin\debug\unittestcoffeeshop.dll" id="22fea31c-f0df-c9d5-7c93-9590ebc30b40">
      <Execution id="529602bc-9f68-4103-865b-992ca936b31a" />
      <TestMethod codeBase="C:/Users/Kin Nguyen/Desktop/1751010083-1751010131-1751010110/CoffeeShop/UnitTestCoffeeShop/bin/Debug/UnitTestCoffeeShop.DLL" adapterTypeName="Microsoft.VisualStudio.TestTools.TestTypes.Unit.UnitTestAdapter, Microsoft.VisualStudio.QualityTools.Tips.UnitTest.Adapter, Version=10.0.0.0, Culture=neutral, PublicKeyToken=b03f5f7f11d50a3a" className="UnitTestCoffeeShop._3_Test_KHTT, UnitTestCoffeeShop, Version=1.0.0.0, Culture=neutral, PublicKeyToken=null" name="testCase_KHTT_ABCD" />
    </UnitTest>
    <UnitTest name="testCase_Login_4" storage="c:\users\kin nguyen\desktop\1751010083-1751010131-1751010110\coffeeshop\unittestcoffeeshop\bin\debug\unittestcoffeeshop.dll" id="4fc4019d-f9de-1dbd-e3d1-66d40599b388">
      <Execution id="16d7ae48-6191-4974-ad95-3f4914efda8e" />
      <TestMethod codeBase="C:/Users/Kin Nguyen/Desktop/1751010083-1751010131-1751010110/CoffeeShop/UnitTestCoffeeShop/bin/Debug/UnitTestCoffeeShop.DLL" adapterTypeName="Microsoft.VisualStudio.TestTools.TestTypes.Unit.UnitTestAdapter, Microsoft.VisualStudio.QualityTools.Tips.UnitTest.Adapter, Version=10.0.0.0, Culture=neutral, PublicKeyToken=b03f5f7f11d50a3a" className="UnitTestCoffeeShop._1_Test_Login, UnitTestCoffeeShop, Version=1.0.0.0, Culture=neutral, PublicKeyToken=null" name="testCase_Login_4" />
    </UnitTest>
    <UnitTest name="testCase_Login_2" storage="c:\users\kin nguyen\desktop\1751010083-1751010131-1751010110\coffeeshop\unittestcoffeeshop\bin\debug\unittestcoffeeshop.dll" id="6300b902-0ae6-2f07-3bba-f7b7402a1e51">
      <Execution id="19d4bf44-feeb-4682-a9cb-0ca53133020f" />
      <TestMethod codeBase="C:/Users/Kin Nguyen/Desktop/1751010083-1751010131-1751010110/CoffeeShop/UnitTestCoffeeShop/bin/Debug/UnitTestCoffeeShop.DLL" adapterTypeName="Microsoft.VisualStudio.TestTools.TestTypes.Unit.UnitTestAdapter, Microsoft.VisualStudio.QualityTools.Tips.UnitTest.Adapter, Version=10.0.0.0, Culture=neutral, PublicKeyToken=b03f5f7f11d50a3a" className="UnitTestCoffeeShop._1_Test_Login, UnitTestCoffeeShop, Version=1.0.0.0, Culture=neutral, PublicKeyToken=null" name="testCase_Login_2" />
    </UnitTest>
    <UnitTest name="testCase_KHTT_123456" storage="c:\users\kin nguyen\desktop\1751010083-1751010131-1751010110\coffeeshop\unittestcoffeeshop\bin\debug\unittestcoffeeshop.dll" id="2d81709d-0ff0-9609-5478-9257a05cdb0a">
      <Execution id="89296e55-72d7-4451-84e1-8453e1b596a6" />
      <TestMethod codeBase="C:/Users/Kin Nguyen/Desktop/1751010083-1751010131-1751010110/CoffeeShop/UnitTestCoffeeShop/bin/Debug/UnitTestCoffeeShop.DLL" adapterTypeName="Microsoft.VisualStudio.TestTools.TestTypes.Unit.UnitTestAdapter, Microsoft.VisualStudio.QualityTools.Tips.UnitTest.Adapter, Version=10.0.0.0, Culture=neutral, PublicKeyToken=b03f5f7f11d50a3a" className="UnitTestCoffeeShop._3_Test_KHTT, UnitTestCoffeeShop, Version=1.0.0.0, Culture=neutral, PublicKeyToken=null" name="testCase_KHTT_123456" />
    </UnitTest>
    <UnitTest name="testCase_Xoa_KhongDuoc" storage="c:\users\kin nguyen\desktop\1751010083-1751010131-1751010110\coffeeshop\unittestcoffeeshop\bin\debug\unittestcoffeeshop.dll" id="87c6324a-3a38-54bf-01cd-762cca8d78d8">
      <Execution id="f6582b28-fc77-4a0a-9353-e2d63cd61e8e" />
      <TestMethod codeBase="C:/Users/Kin Nguyen/Desktop/1751010083-1751010131-1751010110/CoffeeShop/UnitTestCoffeeShop/bin/Debug/UnitTestCoffeeShop.DLL" adapterTypeName="Microsoft.VisualStudio.TestTools.TestTypes.Unit.UnitTestAdapter, Microsoft.VisualStudio.QualityTools.Tips.UnitTest.Adapter, Version=10.0.0.0, Culture=neutral, PublicKeyToken=b03f5f7f11d50a3a" className="UnitTestCoffeeShop._2_Test_Home, UnitTestCoffeeShop, Version=1.0.0.0, Culture=neutral, PublicKeyToken=null" name="testCase_Xoa_KhongDuoc" />
    </UnitTest>
  </TestDefinitions>
  <TestLists>
    <TestList name="Results Not in a List" id="8c84fa94-04c1-424b-9868-57a2d4851a1d" />
    <TestList name="All Loaded Results" id="19431567-8539-422a-85d7-44ee4e166bda" />
  </TestLists>
  <TestEntries>
    <TestEntry testId="22fea31c-f0df-c9d5-7c93-9590ebc30b40" executionId="529602bc-9f68-4103-865b-992ca936b31a" testListId="8c84fa94-04c1-424b-9868-57a2d4851a1d" />
    <TestEntry testId="2c3f325c-600e-d3dd-f1f9-95baac17e375" executionId="31f136e5-89db-4f93-bb1d-78134d85aed6" testListId="8c84fa94-04c1-424b-9868-57a2d4851a1d" />
    <TestEntry testId="2d81709d-0ff0-9609-5478-9257a05cdb0a" executionId="89296e55-72d7-4451-84e1-8453e1b596a6" testListId="8c84fa94-04c1-424b-9868-57a2d4851a1d" />
    <TestEntry testId="2ea8d17d-6955-f5ff-786f-db789e193218" executionId="2bd71249-4a4e-4513-909f-ccf4d1327018" testListId="8c84fa94-04c1-424b-9868-57a2d4851a1d" />
    <TestEntry testId="2ff65dbb-02e7-734d-df90-cf72a71f36cb" executionId="0b00b6c0-1af7-46a4-b1e2-b2c5468b2b91" testListId="8c84fa94-04c1-424b-9868-57a2d4851a1d" />
    <TestEntry testId="3486f7cc-6226-f7d6-74fe-a9deae1d18f8" executionId="53cdc97e-626a-447b-98fd-db6b56584cd1" testListId="8c84fa94-04c1-424b-9868-57a2d4851a1d" />
    <TestEntry testId="4ec96446-5667-6f79-173a-1015c4139778" executionId="fbdb5052-227b-44e4-858e-9ff8a53f75dd" testListId="8c84fa94-04c1-424b-9868-57a2d4851a1d" />
    <TestEntry testId="4fc4019d-f9de-1dbd-e3d1-66d40599b388" executionId="16d7ae48-6191-4974-ad95-3f4914efda8e" testListId="8c84fa94-04c1-424b-9868-57a2d4851a1d" />
    <TestEntry testId="5d9b02b7-7ed9-5fb6-5cd1-e603f10f901d" executionId="b723b84f-af87-45da-9eea-b3d340282124" testListId="8c84fa94-04c1-424b-9868-57a2d4851a1d" />
    <TestEntry testId="6300b902-0ae6-2f07-3bba-f7b7402a1e51" executionId="19d4bf44-feeb-4682-a9cb-0ca53133020f" testListId="8c84fa94-04c1-424b-9868-57a2d4851a1d" />
    <TestEntry testId="87c6324a-3a38-54bf-01cd-762cca8d78d8" executionId="f6582b28-fc77-4a0a-9353-e2d63cd61e8e" testListId="8c84fa94-04c1-424b-9868-57a2d4851a1d" />
    <TestEntry testId="92892753-a6fb-6076-35d8-b259b2867875" executionId="3d3fd1ad-d914-4416-aa7c-ed6ec6c48828" testListId="8c84fa94-04c1-424b-9868-57a2d4851a1d" />
    <TestEntry testId="9516e242-c1e2-58dc-ab4e-daf4a754b19f" executionId="2bb45177-a353-4fcb-bcc6-a7e558e72923" testListId="8c84fa94-04c1-424b-9868-57a2d4851a1d" />
    <TestEntry testId="a3341333-08da-e980-0963-333d51cd2e33" executionId="c09f7be7-d42e-499d-9064-46169c227af4" testListId="8c84fa94-04c1-424b-9868-57a2d4851a1d" />
    <TestEntry testId="aef214a3-bc6f-4ea6-e1ce-b85b85bb32e2" executionId="91ca87b9-6db4-4b54-9057-04a150bfab4a" testListId="8c84fa94-04c1-424b-9868-57a2d4851a1d" />
    <TestEntry testId="b17e7b48-5750-91a5-b696-19de03b20151" executionId="f89627f5-1d3b-4b3c-aa10-7f16ffae3abb" testListId="8c84fa94-04c1-424b-9868-57a2d4851a1d" />
    <TestEntry testId="f3c7c967-2efd-b356-b618-c97ab977c2bb" executionId="59e69ab4-e0ad-4050-8fdb-57338ccb9553" testListId="8c84fa94-04c1-424b-9868-57a2d4851a1d" />
    <TestEntry testId="fa5b35ab-29ab-0170-9025-94048b21eda5" executionId="39587c2a-e57d-43da-b8f8-5544c03429a5" testListId="8c84fa94-04c1-424b-9868-57a2d4851a1d" />
    <TestEntry testId="fa6bf5d9-eb12-eff6-bb7a-be8db17abbcc" executionId="48c32d3e-3478-4f4e-a91c-9d7fea3e8239" testListId="8c84fa94-04c1-424b-9868-57a2d4851a1d" />
  </TestEntries>
  <Results>
    <UnitTestResult executionId="529602bc-9f68-4103-865b-992ca936b31a" testId="22fea31c-f0df-c9d5-7c93-9590ebc30b40" testName="testCase_KHTT_ABCD" computerName="LAPTOP-IRDHT22H" duration="00:00:00.1056950" startTime="2019-11-18T13:37:20.8160819+07:00" endTime="2019-11-18T13:37:21.1909928+07:00" testType="13cdc9d9-ddb5-4fa4-a97d-d965ccfc6d4b" outcome="Passed" testListId="8c84fa94-04c1-424b-9868-57a2d4851a1d" relativeResultsDirectory="529602bc-9f68-4103-865b-992ca936b31a">
    </UnitTestResult>
    <UnitTestResult executionId="31f136e5-89db-4f93-bb1d-78134d85aed6" testId="2c3f325c-600e-d3dd-f1f9-95baac17e375" testName="testCase_Login_1" computerName="LAPTOP-IRDHT22H" duration="00:00:00.0018071" startTime="2019-11-18T13:37:21.1909928+07:00" endTime="2019-11-18T13:37:21.2066174+07:00" testType="13cdc9d9-ddb5-4fa4-a97d-d965ccfc6d4b" outcome="Passed" testListId="8c84fa94-04c1-424b-9868-57a2d4851a1d" relativeResultsDirectory="31f136e5-89db-4f93-bb1d-78134d85aed6">
    </UnitTestResult>
    <UnitTestResult executionId="89296e55-72d7-4451-84e1-8453e1b596a6" testId="2d81709d-0ff0-9609-5478-9257a05cdb0a" testName="testCase_KHTT_123456" computerName="LAPTOP-IRDHT22H" duration="00:00:00.0168416" startTime="2019-11-18T13:37:21.2066174+07:00" endTime="2019-11-18T13:37:21.2222379+07:00" testType="13cdc9d9-ddb5-4fa4-a97d-d965ccfc6d4b" outcome="Passed" testListId="8c84fa94-04c1-424b-9868-57a2d4851a1d" relativeResultsDirectory="89296e55-72d7-4451-84e1-8453e1b596a6">
    </UnitTestResult>
    <UnitTestResult executionId="2bd71249-4a4e-4513-909f-ccf4d1327018" testId="2ea8d17d-6955-f5ff-786f-db789e193218" testName="testCase_Xoa_Duoc" computerName="LAPTOP-IRDHT22H" duration="00:00:00.0005754" startTime="2019-11-18T13:37:21.2222379+07:00" endTime="2019-11-18T13:37:21.2222379+07:00" testType="13cdc9d9-ddb5-4fa4-a97d-d965ccfc6d4b" outcome="Passed" testListId="8c84fa94-04c1-424b-9868-57a2d4851a1d" relativeResultsDirectory="2bd71249-4a4e-4513-909f-ccf4d1327018">
    </UnitTestResult>
    <UnitTestResult executionId="0b00b6c0-1af7-46a4-b1e2-b2c5468b2b91" testId="2ff65dbb-02e7-734d-df90-cf72a71f36cb" testName="testCase_Login_8" computerName="LAPTOP-IRDHT22H" duration="00:00:00.0001279" startTime="2019-11-18T13:37:21.2378573+07:00" endTime="2019-11-18T13:37:21.2378573+07:00" testType="13cdc9d9-ddb5-4fa4-a97d-d965ccfc6d4b" outcome="Passed" testListId="8c84fa94-04c1-424b-9868-57a2d4851a1d" relativeResultsDirectory="0b00b6c0-1af7-46a4-b1e2-b2c5468b2b91">
    </UnitTestResult>
    <UnitTestResult executionId="53cdc97e-626a-447b-98fd-db6b56584cd1" testId="3486f7cc-6226-f7d6-74fe-a9deae1d18f8" testName="testCase_Login_3" computerName="LAPTOP-IRDHT22H" duration="00:00:00.0001238" startTime="2019-11-18T13:37:21.2378573+07:00" endTime="2019-11-18T13:37:21.2378573+07:00" testType="13cdc9d9-ddb5-4fa4-a97d-d965ccfc6d4b" outcome="Passed" testListId="8c84fa94-04c1-424b-9868-57a2d4851a1d" relativeResultsDirectory="53cdc97e-626a-447b-98fd-db6b56584cd1">
    </UnitTestResult>
    <UnitTestResult executionId="fbdb5052-227b-44e4-858e-9ff8a53f75dd" testId="4ec96446-5667-6f79-173a-1015c4139778" testName="testCase_KHTT_HopLe" computerName="LAPTOP-IRDHT22H" duration="00:00:00.0120806" startTime="2019-11-18T13:37:21.2378573+07:00" endTime="2019-11-18T13:37:21.2534805+07:00" testType="13cdc9d9-ddb5-4fa4-a97d-d965ccfc6d4b" outcome="Passed" testListId="8c84fa94-04c1-424b-9868-57a2d4851a1d" relativeResultsDirectory="fbdb5052-227b-44e4-858e-9ff8a53f75dd">
    </UnitTestResult>
    <UnitTestResult executionId="16d7ae48-6191-4974-ad95-3f4914efda8e" testId="4fc4019d-f9de-1dbd-e3d1-66d40599b388" testName="testCase_Login_4" computerName="LAPTOP-IRDHT22H" duration="00:00:00.0001506" startTime="2019-11-18T13:37:21.2534805+07:00" endTime="2019-11-18T13:37:21.2534805+07:00" testType="13cdc9d9-ddb5-4fa4-a97d-d965ccfc6d4b" outcome="Passed" testListId="8c84fa94-04c1-424b-9868-57a2d4851a1d" relativeResultsDirectory="16d7ae48-6191-4974-ad95-3f4914efda8e">
    </UnitTestResult>
    <UnitTestResult executionId="b723b84f-af87-45da-9eea-b3d340282124" testId="5d9b02b7-7ed9-5fb6-5cd1-e603f10f901d" testName="testCase_ThanhToan_KhongDuoc" computerName="LAPTOP-IRDHT22H" duration="00:00:00.0001049" startTime="2019-11-18T13:37:21.2690999+07:00" endTime="2019-11-18T13:37:21.2690999+07:00" testType="13cdc9d9-ddb5-4fa4-a97d-d965ccfc6d4b" outcome="Passed" testListId="8c84fa94-04c1-424b-9868-57a2d4851a1d" relativeResultsDirectory="b723b84f-af87-45da-9eea-b3d340282124">
    </UnitTestResult>
    <UnitTestResult executionId="19d4bf44-feeb-4682-a9cb-0ca53133020f" testId="6300b902-0ae6-2f07-3bba-f7b7402a1e51" testName="testCase_Login_2" computerName="LAPTOP-IRDHT22H" duration="00:00:00.0001227" startTime="2019-11-18T13:37:21.2690999+07:00" endTime="2019-11-18T13:37:21.2690999+07:00" testType="13cdc9d9-ddb5-4fa4-a97d-d965ccfc6d4b" outcome="Passed" testListId="8c84fa94-04c1-424b-9868-57a2d4851a1d" relativeResultsDirectory="19d4bf44-feeb-4682-a9cb-0ca53133020f">
    </UnitTestResult>
    <UnitTestResult executionId="f6582b28-fc77-4a0a-9353-e2d63cd61e8e" testId="87c6324a-3a38-54bf-01cd-762cca8d78d8" testName="testCase_Xoa_KhongDuoc" computerName="LAPTOP-IRDHT22H" duration="00:00:00.0001057" startTime="2019-11-18T13:37:21.2690999+07:00" endTime="2019-11-18T13:37:21.2690999+07:00" testType="13cdc9d9-ddb5-4fa4-a97d-d965ccfc6d4b" outcome="Passed" testListId="8c84fa94-04c1-424b-9868-57a2d4851a1d" relativeResultsDirectory="f6582b28-fc77-4a0a-9353-e2d63cd61e8e">
    </UnitTestResult>
    <UnitTestResult executionId="3d3fd1ad-d914-4416-aa7c-ed6ec6c48828" testId="92892753-a6fb-6076-35d8-b259b2867875" testName="testCase_Login_7" computerName="LAPTOP-IRDHT22H" duration="00:00:00.0001234" startTime="2019-11-18T13:37:21.2690999+07:00" endTime="2019-11-18T13:37:21.2847215+07:00" testType="13cdc9d9-ddb5-4fa4-a97d-d965ccfc6d4b" outcome="Passed" testListId="8c84fa94-04c1-424b-9868-57a2d4851a1d" relativeResultsDirectory="3d3fd1ad-d914-4416-aa7c-ed6ec6c48828">
    </UnitTestResult>
    <UnitTestResult executionId="2bb45177-a353-4fcb-bcc6-a7e558e72923" testId="9516e242-c1e2-58dc-ab4e-daf4a754b19f" testName="testCase_Them_Duoc" computerName="LAPTOP-IRDHT22H" duration="00:00:00.0001064" startTime="2019-11-18T13:37:21.2847215+07:00" endTime="2019-11-18T13:37:21.2847215+07:00" testType="13cdc9d9-ddb5-4fa4-a97d-d965ccfc6d4b" outcome="Passed" testListId="8c84fa94-04c1-424b-9868-57a2d4851a1d" relativeResultsDirectory="2bb45177-a353-4fcb-bcc6-a7e558e72923">
    </UnitTestResult>
    <UnitTestResult executionId="c09f7be7-d42e-499d-9064-46169c227af4" testId="a3341333-08da-e980-0963-333d51cd2e33" testName="testCase_Login_5" computerName="LAPTOP-IRDHT22H" duration="00:00:00.0001246" startTime="2019-11-18T13:37:21.2847215+07:00" endTime="2019-11-18T13:37:21.2847215+07:00" testType="13cdc9d9-ddb5-4fa4-a97d-d965ccfc6d4b" outcome="Passed" testListId="8c84fa94-04c1-424b-9868-57a2d4851a1d" relativeResultsDirectory="c09f7be7-d42e-499d-9064-46169c227af4">
    </UnitTestResult>
    <UnitTestResult executionId="91ca87b9-6db4-4b54-9057-04a150bfab4a" testId="aef214a3-bc6f-4ea6-e1ce-b85b85bb32e2" testName="testCase_KHTT_dau" computerName="LAPTOP-IRDHT22H" duration="00:00:00.0018418" startTime="2019-11-18T13:37:21.2847215+07:00" endTime="2019-11-18T13:37:21.3003454+07:00" testType="13cdc9d9-ddb5-4fa4-a97d-d965ccfc6d4b" outcome="Passed" testListId="8c84fa94-04c1-424b-9868-57a2d4851a1d" relativeResultsDirectory="91ca87b9-6db4-4b54-9057-04a150bfab4a">
    </UnitTestResult>
    <UnitTestResult executionId="f89627f5-1d3b-4b3c-aa10-7f16ffae3abb" testId="b17e7b48-5750-91a5-b696-19de03b20151" testName="testCase_Login_6" computerName="LAPTOP-IRDHT22H" duration="00:00:00.0001230" startTime="2019-11-18T13:37:21.3003454+07:00" endTime="2019-11-18T13:37:21.3003454+07:00" testType="13cdc9d9-ddb5-4fa4-a97d-d965ccfc6d4b" outcome="Passed" testListId="8c84fa94-04c1-424b-9868-57a2d4851a1d" relativeResultsDirectory="f89627f5-1d3b-4b3c-aa10-7f16ffae3abb">
    </UnitTestResult>
    <UnitTestResult executionId="59e69ab4-e0ad-4050-8fdb-57338ccb9553" testId="f3c7c967-2efd-b356-b618-c97ab977c2bb" testName="testCase_Login_9" computerName="LAPTOP-IRDHT22H" duration="00:00:00.0001295" startTime="2019-11-18T13:37:21.3003454+07:00" endTime="2019-11-18T13:37:21.3003454+07:00" testType="13cdc9d9-ddb5-4fa4-a97d-d965ccfc6d4b" outcome="Passed" testListId="8c84fa94-04c1-424b-9868-57a2d4851a1d" relativeResultsDirectory="59e69ab4-e0ad-4050-8fdb-57338ccb9553">
    </UnitTestResult>
    <UnitTestResult executionId="39587c2a-e57d-43da-b8f8-5544c03429a5" testId="fa5b35ab-29ab-0170-9025-94048b21eda5" testName="testCase_Them_KhongDuoc" computerName="LAPTOP-IRDHT22H" duration="00:00:00.0001140" startTime="2019-11-18T13:37:21.3003454+07:00" endTime="2019-11-18T13:37:21.3159663+07:00" testType="13cdc9d9-ddb5-4fa4-a97d-d965ccfc6d4b" outcome="Passed" testListId="8c84fa94-04c1-424b-9868-57a2d4851a1d" relativeResultsDirectory="39587c2a-e57d-43da-b8f8-5544c03429a5">
    </UnitTestResult>
    <UnitTestResult executionId="48c32d3e-3478-4f4e-a91c-9d7fea3e8239" testId="fa6bf5d9-eb12-eff6-bb7a-be8db17abbcc" testName="testCase_ThanhToan_Duoc" computerName="LAPTOP-IRDHT22H" duration="00:00:00.0001359" startTime="2019-11-18T13:37:21.3159663+07:00" endTime="2019-11-18T13:37:21.3159663+07:00" testType="13cdc9d9-ddb5-4fa4-a97d-d965ccfc6d4b" outcome="Passed" testListId="8c84fa94-04c1-424b-9868-57a2d4851a1d" relativeResultsDirectory="48c32d3e-3478-4f4e-a91c-9d7fea3e8239">
    </UnitTestResult>
  </Results>
</TestRun>