<?xml version="1.0" encoding="UTF-8"?>
<TestRun id="5f13b370-892f-439e-ab51-b231b10ddad2" name="Kin Nguyen@LAPTOP-IRDHT22H 2019-11-18 00:11:57" runUser="LAPTOP-IRDHT22H\Kin Nguyen" xmlns="http://microsoft.com/schemas/VisualStudio/TeamTest/2010">
  <TestSettings name="Local" id="8bc9db81-6ffa-423b-b713-8990651773ed">
    <Description>These are default test settings for a local test run.</Description>
    <Deployment enabled="false" runDeploymentRoot="Kin Nguyen_LAPTOP-IRDHT22H 2019-11-18 00_11_57">
      <DeploymentItem filename="C:\Users\Kin Nguyen\Desktop\1751010083-1751010131-1751010110\CoffeeShop\CoffeeShop\bin\Debug\CoffeeShop.exe" />
    </Deployment>
    <Execution>
      <TestTypeSpecific />
      <AgentRule name="Execution Agents">
      </AgentRule>
    </Execution>
  </TestSettings>
  <Times creation="2019-11-18T00:11:57.8054270+07:00" queuing="2019-11-18T00:11:57.8333537+07:00" start="2019-11-18T00:11:57.8802292+07:00" finish="2019-11-18T00:11:58.1335513+07:00" />
  <ResultSummary outcome="Completed">
    <Counters total="1" executed="1" passed="1" error="0" failed="0" timeout="0" aborted="0" inconclusive="0" passedButRunAborted="0" notRunnable="0" notExecuted="0" disconnected="0" warning="0" completed="0" inProgress="0" pending="0" />
  </ResultSummary>
  <TestDefinitions>
    <UnitTest name="testCase_Xoa_KhongDuoc" storage="c:\users\kin nguyen\desktop\1751010083-1751010131-1751010110\coffeeshop\unittestcoffeeshop\bin\debug\unittestcoffeeshop.dll" id="87c6324a-3a38-54bf-01cd-762cca8d78d8">
      <Execution id="f6ebf983-ea8e-4664-9d95-33170a623c9a" />
      <TestMethod codeBase="C:/Users/Kin Nguyen/Desktop/1751010083-1751010131-1751010110/CoffeeShop/UnitTestCoffeeShop/bin/Debug/UnitTestCoffeeShop.DLL" adapterTypeName="Microsoft.VisualStudio.TestTools.TestTypes.Unit.UnitTestAdapter, Microsoft.VisualStudio.QualityTools.Tips.UnitTest.Adapter, Version=10.0.0.0, Culture=neutral, PublicKeyToken=b03f5f7f11d50a3a" className="UnitTestCoffeeShop._2_Test_Home, UnitTestCoffeeShop, Version=1.0.0.0, Culture=neutral, PublicKeyToken=null" name="testCase_Xoa_KhongDuoc" />
    </UnitTest>
  </TestDefinitions>
  <TestLists>
    <TestList name="Results Not in a List" id="8c84fa94-04c1-424b-9868-57a2d4851a1d" />
    <TestList name="All Loaded Results" id="19431567-8539-422a-85d7-44ee4e166bda" />
  </TestLists>
  <TestEntries>
    <TestEntry testId="87c6324a-3a38-54bf-01cd-762cca8d78d8" executionId="f6ebf983-ea8e-4664-9d95-33170a623c9a" testListId="8c84fa94-04c1-424b-9868-57a2d4851a1d" />
  </TestEntries>
  <Results>
    <UnitTestResult executionId="f6ebf983-ea8e-4664-9d95-33170a623c9a" testId="87c6324a-3a38-54bf-01cd-762cca8d78d8" testName="testCase_Xoa_KhongDuoc" computerName="LAPTOP-IRDHT22H" duration="00:00:00.0139716" startTime="2019-11-18T00:11:57.8832208+07:00" endTime="2019-11-18T00:11:58.1215831+07:00" testType="13cdc9d9-ddb5-4fa4-a97d-d965ccfc6d4b" outcome="Passed" testListId="8c84fa94-04c1-424b-9868-57a2d4851a1d" relativeResultsDirectory="f6ebf983-ea8e-4664-9d95-33170a623c9a">
    </UnitTestResult>
  </Results>
</TestRun>