<?xml version="1.0" encoding="UTF-8"?>
<TestRun id="7a5aab07-ab00-4149-9d06-55903f57e754" name="Kin Nguyen@LAPTOP-IRDHT22H 2019-11-18 11:58:54" runUser="LAPTOP-IRDHT22H\Kin Nguyen" xmlns="http://microsoft.com/schemas/VisualStudio/TeamTest/2010">
  <TestSettings name="Local" id="8bc9db81-6ffa-423b-b713-8990651773ed">
    <Description>These are default test settings for a local test run.</Description>
    <Deployment enabled="false" runDeploymentRoot="Kin Nguyen_LAPTOP-IRDHT22H 2019-11-18 11_58_54">
      <DeploymentItem filename="C:\Users\Kin Nguyen\Desktop\1751010083-1751010131-1751010110\CoffeeShop\CoffeeShop\bin\Debug\CoffeeShop.exe" />
    </Deployment>
    <Execution>
      <TestTypeSpecific />
      <AgentRule name="Execution Agents">
      </AgentRule>
    </Execution>
  </TestSettings>
  <Times creation="2019-11-18T11:58:54.9802663+07:00" queuing="2019-11-18T11:58:55.0106415+07:00" start="2019-11-18T11:58:55.0156297+07:00" finish="2019-11-18T11:58:55.2599725+07:00" />
  <ResultSummary outcome="Completed">
    <Counters total="1" executed="1" passed="1" error="0" failed="0" timeout="0" aborted="0" inconclusive="0" passedButRunAborted="0" notRunnable="0" notExecuted="0" disconnected="0" warning="0" completed="0" inProgress="0" pending="0" />
  </ResultSummary>
  <TestDefinitions>
    <UnitTest name="testCase_Login_3" storage="c:\users\kin nguyen\desktop\1751010083-1751010131-1751010110\coffeeshop\unittestcoffeeshop\bin\debug\unittestcoffeeshop.dll" id="3486f7cc-6226-f7d6-74fe-a9deae1d18f8">
      <Execution id="b4b0b093-6ec8-4e2d-9518-b48c7d4dcf80" />
      <TestMethod codeBase="C:/Users/Kin Nguyen/Desktop/1751010083-1751010131-1751010110/CoffeeShop/UnitTestCoffeeShop/bin/Debug/UnitTestCoffeeShop.DLL" adapterTypeName="Microsoft.VisualStudio.TestTools.TestTypes.Unit.UnitTestAdapter, Microsoft.VisualStudio.QualityTools.Tips.UnitTest.Adapter, Version=10.0.0.0, Culture=neutral, PublicKeyToken=b03f5f7f11d50a3a" className="UnitTestCoffeeShop._1_Test_Login, UnitTestCoffeeShop, Version=1.0.0.0, Culture=neutral, PublicKeyToken=null" name="testCase_Login_3" />
    </UnitTest>
  </TestDefinitions>
  <TestLists>
    <TestList name="Results Not in a List" id="8c84fa94-04c1-424b-9868-57a2d4851a1d" />
    <TestList name="All Loaded Results" id="19431567-8539-422a-85d7-44ee4e166bda" />
  </TestLists>
  <TestEntries>
    <TestEntry testId="3486f7cc-6226-f7d6-74fe-a9deae1d18f8" executionId="b4b0b093-6ec8-4e2d-9518-b48c7d4dcf80" testListId="8c84fa94-04c1-424b-9868-57a2d4851a1d" />
  </TestEntries>
  <Results>
    <UnitTestResult executionId="b4b0b093-6ec8-4e2d-9518-b48c7d4dcf80" testId="3486f7cc-6226-f7d6-74fe-a9deae1d18f8" testName="testCase_Login_3" computerName="LAPTOP-IRDHT22H" duration="00:00:00.0132202" startTime="2019-11-18T11:58:55.0186205+07:00" endTime="2019-11-18T11:58:55.2490397+07:00" testType="13cdc9d9-ddb5-4fa4-a97d-d965ccfc6d4b" outcome="Passed" testListId="8c84fa94-04c1-424b-9868-57a2d4851a1d" relativeResultsDirectory="b4b0b093-6ec8-4e2d-9518-b48c7d4dcf80">
    </UnitTestResult>
  </Results>
</TestRun>