<?xml version="1.0" encoding="UTF-8"?>
<TestRun id="3afa6d4e-8009-4de9-b4e1-9f74a1b6c6b7" name="Kin Nguyen@LAPTOP-IRDHT22H 2019-11-18 00:21:54" runUser="LAPTOP-IRDHT22H\Kin Nguyen" xmlns="http://microsoft.com/schemas/VisualStudio/TeamTest/2010">
  <TestSettings name="Local" id="8bc9db81-6ffa-423b-b713-8990651773ed">
    <Description>These are default test settings for a local test run.</Description>
    <Deployment enabled="false" runDeploymentRoot="Kin Nguyen_LAPTOP-IRDHT22H 2019-11-18 00_21_54">
      <DeploymentItem filename="C:\Users\Kin Nguyen\Desktop\1751010083-1751010131-1751010110\CoffeeShop\CoffeeShop\bin\Debug\CoffeeShop.exe" />
    </Deployment>
    <Execution>
      <TestTypeSpecific />
      <AgentRule name="Execution Agents">
      </AgentRule>
    </Execution>
  </TestSettings>
  <Times creation="2019-11-18T00:21:54.6997074+07:00" queuing="2019-11-18T00:21:56.1518250+07:00" start="2019-11-18T00:21:56.2715050+07:00" finish="2019-11-18T00:21:57.0215000+07:00" />
  <ResultSummary outcome="Completed">
    <Counters total="1" executed="1" passed="1" error="0" failed="0" timeout="0" aborted="0" inconclusive="0" passedButRunAborted="0" notRunnable="0" notExecuted="0" disconnected="0" warning="0" completed="0" inProgress="0" pending="0" />
  </ResultSummary>
  <TestDefinitions>
    <UnitTest name="testCase_ThanhToan_KhongDuoc" storage="c:\users\kin nguyen\desktop\1751010083-1751010131-1751010110\coffeeshop\unittestcoffeeshop\bin\debug\unittestcoffeeshop.dll" id="5d9b02b7-7ed9-5fb6-5cd1-e603f10f901d">
      <Execution id="41c846a5-59e6-4fdb-825e-368299f3ab71" />
      <TestMethod codeBase="C:/Users/Kin Nguyen/Desktop/1751010083-1751010131-1751010110/CoffeeShop/UnitTestCoffeeShop/bin/Debug/UnitTestCoffeeShop.DLL" adapterTypeName="Microsoft.VisualStudio.TestTools.TestTypes.Unit.UnitTestAdapter, Microsoft.VisualStudio.QualityTools.Tips.UnitTest.Adapter, Version=10.0.0.0, Culture=neutral, PublicKeyToken=b03f5f7f11d50a3a" className="UnitTestCoffeeShop._2_Test_Home, UnitTestCoffeeShop, Version=1.0.0.0, Culture=neutral, PublicKeyToken=null" name="testCase_ThanhToan_KhongDuoc" />
    </UnitTest>
  </TestDefinitions>
  <TestLists>
    <TestList name="Results Not in a List" id="8c84fa94-04c1-424b-9868-57a2d4851a1d" />
    <TestList name="All Loaded Results" id="19431567-8539-422a-85d7-44ee4e166bda" />
  </TestLists>
  <TestEntries>
    <TestEntry testId="5d9b02b7-7ed9-5fb6-5cd1-e603f10f901d" executionId="41c846a5-59e6-4fdb-825e-368299f3ab71" testListId="8c84fa94-04c1-424b-9868-57a2d4851a1d" />
  </TestEntries>
  <Results>
    <UnitTestResult executionId="41c846a5-59e6-4fdb-825e-368299f3ab71" testId="5d9b02b7-7ed9-5fb6-5cd1-e603f10f901d" testName="testCase_ThanhToan_KhongDuoc" computerName="LAPTOP-IRDHT22H" duration="00:00:00.0174529" startTime="2019-11-18T00:21:56.3572751+07:00" endTime="2019-11-18T00:21:56.9407177+07:00" testType="13cdc9d9-ddb5-4fa4-a97d-d965ccfc6d4b" outcome="Passed" testListId="8c84fa94-04c1-424b-9868-57a2d4851a1d" relativeResultsDirectory="41c846a5-59e6-4fdb-825e-368299f3ab71">
    </UnitTestResult>
  </Results>
</TestRun>